\BOOKMARK [0][-]{chapter.1}{\376\377\000I\000n\000t\000r\000o\000d\000u\000c\000c\000i\000\363\000n\000\040\000y\000\040\000O\000b\000j\000e\000t\000i\000v\000o\000\040\000G\000e\000n\000e\000r\000a\000l}{}% 1
\BOOKMARK [1][-]{section.1.1}{\376\377\000O\000b\000j\000e\000t\000i\000v\000o\000\040\000G\000e\000n\000e\000r\000a\000l\000\040\000d\000e\000l\000\040\000P\000D\000C\000A}{chapter.1}% 2
\BOOKMARK [1][-]{section.1.2}{\376\377\000M\000e\000t\000o\000d\000o\000l\000o\000g\000\355\000a\000\040\000P\000D\000C\000A}{chapter.1}% 3
\BOOKMARK [0][-]{chapter.2}{\376\377\000P\000L\000A\000N\000\040\000-\000\040\000P\000l\000a\000n\000i\000f\000i\000c\000a\000c\000i\000\363\000n}{}% 4
\BOOKMARK [1][-]{section.2.1}{\376\377\000O\000b\000j\000e\000t\000i\000v\000o\000s\000\040\000d\000e\000l\000\040\000C\000i\000c\000l\000o}{chapter.2}% 5
\BOOKMARK [1][-]{section.2.2}{\376\377\000A\000l\000c\000a\000n\000c\000e\000\040\000d\000e\000l\000\040\000P\000r\000o\000y\000e\000c\000t\000o}{chapter.2}% 6
\BOOKMARK [2][-]{subsection.2.2.1}{\376\377\000M\000\363\000d\000u\000l\000o\000\040\000d\000e\000\040\000G\000e\000s\000t\000i\000\363\000n\000\040\000d\000e\000\040\000P\000r\000o\000d\000u\000c\000t\000o\000s\000\040\000\050\000I\000m\000p\000l\000e\000m\000e\000n\000t\000a\000d\000o\000\051}{section.2.2}% 7
\BOOKMARK [2][-]{subsection.2.2.2}{\376\377\000M\000\363\000d\000u\000l\000o\000s\000\040\000e\000n\000\040\000D\000e\000s\000a\000r\000r\000o\000l\000l\000o}{section.2.2}% 8
\BOOKMARK [1][-]{section.2.3}{\376\377\000R\000o\000l\000e\000s\000\040\000y\000\040\000R\000e\000s\000p\000o\000n\000s\000a\000b\000i\000l\000i\000d\000a\000d\000e\000s}{chapter.2}% 9
\BOOKMARK [1][-]{section.2.4}{\376\377\000M\000\351\000t\000r\000i\000c\000a\000s\000\040\000a\000\040\000E\000v\000a\000l\000u\000a\000r}{chapter.2}% 10
\BOOKMARK [1][-]{section.2.5}{\376\377\000T\000i\000m\000e\000l\000i\000n\000e\000\040\000P\000l\000a\000n\000i\000f\000i\000c\000a\000d\000o}{chapter.2}% 11
\BOOKMARK [0][-]{chapter.3}{\376\377\000D\000O\000\040\000-\000\040\000E\000j\000e\000c\000u\000c\000i\000\363\000n}{}% 12
\BOOKMARK [1][-]{section.3.1}{\376\377\000A\000c\000t\000i\000v\000i\000d\000a\000d\000e\000s\000\040\000P\000l\000a\000n\000i\000f\000i\000c\000a\000d\000a\000s}{chapter.3}% 13
\BOOKMARK [2][-]{subsection.3.1.1}{\376\377\000A\000.\000\040\000D\000e\000s\000a\000r\000r\000o\000l\000l\000o\000\040\000e\000\040\000I\000m\000p\000l\000e\000m\000e\000n\000t\000a\000c\000i\000\363\000n}{section.3.1}% 14
\BOOKMARK [2][-]{subsection.3.1.2}{\376\377\000B\000.\000\040\000T\000e\000s\000t\000i\000n\000g\000\040\000I\000n\000i\000c\000i\000a\000l}{section.3.1}% 15
\BOOKMARK [2][-]{subsection.3.1.3}{\376\377\000C\000.\000\040\000O\000p\000t\000i\000m\000i\000z\000a\000c\000i\000o\000n\000e\000s\000\040\000T\000\351\000c\000n\000i\000c\000a\000s}{section.3.1}% 16
\BOOKMARK [1][-]{section.3.2}{\376\377\000C\000h\000e\000c\000k\000l\000i\000s\000t\000\040\000d\000e\000\040\000I\000m\000p\000l\000e\000m\000e\000n\000t\000a\000c\000i\000\363\000n}{chapter.3}% 17
\BOOKMARK [0][-]{chapter.4}{\376\377\000C\000H\000E\000C\000K\000\040\000-\000\040\000V\000e\000r\000i\000f\000i\000c\000a\000c\000i\000\363\000n}{}% 18
\BOOKMARK [1][-]{section.4.1}{\376\377\000P\000l\000a\000n\000\040\000d\000e\000\040\000T\000e\000s\000t\000i\000n\000g}{chapter.4}% 19
\BOOKMARK [2][-]{subsection.4.1.1}{\376\377\000P\000r\000u\000e\000b\000a\000s\000\040\000F\000u\000n\000c\000i\000o\000n\000a\000l\000e\000s}{section.4.1}% 20
\BOOKMARK [2][-]{subsection.4.1.2}{\376\377\000P\000r\000u\000e\000b\000a\000s\000\040\000d\000e\000\040\000C\000a\000l\000i\000d\000a\000d}{section.4.1}% 21
\BOOKMARK [1][-]{section.4.2}{\376\377\000R\000e\000p\000o\000r\000t\000e\000\040\000d\000e\000\040\000D\000e\000f\000e\000c\000t\000o\000s}{chapter.4}% 22
\BOOKMARK [2][-]{subsection.4.2.1}{\376\377\000P\000l\000a\000n\000t\000i\000l\000l\000a\000\040\000d\000e\000\040\000D\000e\000f\000e\000c\000t\000o}{section.4.2}% 23
\BOOKMARK [1][-]{section.4.3}{\376\377\000M\000a\000t\000r\000i\000z\000\040\000d\000e\000\040\000E\000v\000a\000l\000u\000a\000c\000i\000\363\000n}{chapter.4}% 24
\BOOKMARK [1][-]{section.4.4}{\376\377\000R\000e\000s\000u\000l\000t\000a\000d\000o\000s\000\040\000E\000s\000p\000e\000r\000a\000d\000o\000s}{chapter.4}% 25
\BOOKMARK [0][-]{chapter.5}{\376\377\000A\000C\000T\000\040\000-\000\040\000A\000c\000c\000i\000o\000n\000e\000s\000\040\000d\000e\000\040\000M\000e\000j\000o\000r\000a}{}% 26
\BOOKMARK [1][-]{section.5.1}{\376\377\000A\000n\000\341\000l\000i\000s\000i\000s\000\040\000d\000e\000\040\000R\000e\000s\000u\000l\000t\000a\000d\000o\000s}{chapter.5}% 27
\BOOKMARK [2][-]{subsection.5.1.1}{\376\377\000A\000c\000t\000i\000v\000i\000d\000a\000d\000e\000s}{section.5.1}% 28
\BOOKMARK [1][-]{section.5.2}{\376\377\000P\000l\000a\000n\000\040\000d\000e\000\040\000M\000e\000j\000o\000r\000a\000\040\000C\000o\000n\000t\000i\000n\000u\000a}{chapter.5}% 29
\BOOKMARK [2][-]{subsection.5.2.1}{\376\377\000M\000e\000j\000o\000r\000a\000s\000\040\000I\000n\000m\000e\000d\000i\000a\000t\000a\000s\000\040\000\050\000S\000p\000r\000i\000n\000t\000\040\000S\000i\000g\000u\000i\000e\000n\000t\000e\000\051}{section.5.2}% 30
\BOOKMARK [2][-]{subsection.5.2.2}{\376\377\000M\000e\000j\000o\000r\000a\000s\000\040\000a\000\040\000C\000o\000r\000t\000o\000\040\000P\000l\000a\000z\000o\000\040\000\050\0002\000-\0004\000\040\000s\000e\000m\000a\000n\000a\000s\000\051}{section.5.2}% 31
\BOOKMARK [2][-]{subsection.5.2.3}{\376\377\000M\000e\000j\000o\000r\000a\000s\000\040\000a\000\040\000L\000a\000r\000g\000o\000\040\000P\000l\000a\000z\000o\000\040\000\050\0001\000-\0002\000\040\000m\000e\000s\000e\000s\000\051}{section.5.2}% 32
\BOOKMARK [1][-]{section.5.3}{\376\377\000A\000c\000c\000i\000o\000n\000e\000s\000\040\000d\000e\000\040\000S\000e\000g\000u\000i\000m\000i\000e\000n\000t\000o}{chapter.5}% 33
\BOOKMARK [1][-]{section.5.4}{\376\377\000P\000l\000a\000n\000\040\000p\000a\000r\000a\000\040\000P\000r\000\363\000x\000i\000m\000o\000\040\000C\000i\000c\000l\000o\000\040\000P\000D\000C\000A}{chapter.5}% 34
\BOOKMARK [0][-]{chapter.6}{\376\377\000I\000n\000d\000i\000c\000a\000d\000o\000r\000e\000s\000\040\000C\000l\000a\000v\000e\000\040\000\050\000K\000P\000I\000s\000\051}{}% 35
\BOOKMARK [1][-]{section.6.1}{\376\377\000S\000e\000g\000u\000i\000m\000i\000e\000n\000t\000o\000\040\000d\000e\000\040\000M\000\351\000t\000r\000i\000c\000a\000s}{chapter.6}% 36
\BOOKMARK [0][-]{chapter.7}{\376\377\000I\000n\000f\000o\000r\000m\000a\000c\000i\000\363\000n\000\040\000d\000e\000l\000\040\000E\000q\000u\000i\000p\000o}{}% 37
\BOOKMARK [1][-]{section.7.1}{\376\377\000M\000i\000e\000m\000b\000r\000o\000s\000\040\000d\000e\000l\000\040\000P\000r\000o\000y\000e\000c\000t\000o}{chapter.7}% 38
\BOOKMARK [1][-]{section.7.2}{\376\377\000E\000s\000c\000a\000l\000a\000c\000i\000o\000n\000e\000s\000\040\000y\000\040\000C\000o\000n\000t\000a\000c\000t\000o}{chapter.7}% 39
\BOOKMARK [0][-]{chapter.8}{\376\377\000R\000e\000c\000u\000r\000s\000o\000s\000\040\000T\000\351\000c\000n\000i\000c\000o\000s}{}% 40
\BOOKMARK [1][-]{section.8.1}{\376\377\000S\000t\000a\000c\000k\000\040\000T\000e\000c\000n\000o\000l\000\363\000g\000i\000c\000o}{chapter.8}% 41
\BOOKMARK [1][-]{section.8.2}{\376\377\000D\000o\000c\000u\000m\000e\000n\000t\000a\000c\000i\000\363\000n\000\040\000d\000e\000\040\000R\000e\000f\000e\000r\000e\000n\000c\000i\000a}{chapter.8}% 42
